<?xml version="1.0" encoding="UTF-8"?>
<!-- Generated by org.testng.reporters.JUnitReportReporter -->
<testsuite skipped="0" hostname="hp" name="com.crm.qa.testcases.LoginPageTest" tests="1" failures="0" timestamp="2020-09-26T12:59:59 IST" time="15.160" errors="0">
  <testcase name="loginPageTitleTest" time="15.160" classname="com.crm.qa.testcases.LoginPageTest"/>
  <system-out/>
</testsuite> <!-- com.crm.qa.testcases.LoginPageTest -->
